// Generated by Lisette bindgen
// Source: sort (Go stdlib)
// Go: 1.25.5
// Lisette: 0.1.24

/// Find uses binary search to find and return the smallest index i in [0, n)
/// at which cmp(i) <= 0. If there is no such index i, Find returns i = n.
/// The found result is true if i < n and cmp(i) == 0.
/// Find calls cmp(i) only for i in the range [0, n).
/// 
/// To permit binary search, Find requires that cmp(i) > 0 for a leading
/// prefix of the range, cmp(i) == 0 in the middle, and cmp(i) < 0 for
/// the final suffix of the range. (Each subrange could be empty.)
/// The usual way to establish this condition is to interpret cmp(i)
/// as a comparison of a desired target value t against entry i in an
/// underlying indexed data structure x, returning <0, 0, and >0
/// when t < x[i], t == x[i], and t > x[i], respectively.
/// 
/// For example, to look for a particular string in a sorted, random-access
/// list of strings:
/// 
/// 	i, found := sort.Find(x.Len(), func(i int) int {
/// 	    return strings.Compare(target, x.At(i))
/// 	})
/// 	if found {
/// 	    fmt.Printf("found %s at entry %d\n", target, i)
/// 	} else {
/// 	    fmt.Printf("%s not found, would insert at %d", target, i)
/// 	}
pub fn Find(n: int, cmp: fn(int) -> int) -> Option<int>

/// Float64s sorts a slice of float64s in increasing order.
/// Not-a-number (NaN) values are ordered before other values.
/// 
/// Note: as of Go 1.22, this function simply calls [slices.Sort].
pub fn Float64s(mut x: Slice<float64>)

/// Float64sAreSorted reports whether the slice x is sorted in increasing order,
/// with not-a-number (NaN) values before any other values.
/// 
/// Note: as of Go 1.22, this function simply calls [slices.IsSorted].
pub fn Float64sAreSorted(x: Slice<float64>) -> bool

/// Ints sorts a slice of ints in increasing order.
/// 
/// Note: as of Go 1.22, this function simply calls [slices.Sort].
pub fn Ints(mut x: Slice<int>)

/// IntsAreSorted reports whether the slice x is sorted in increasing order.
/// 
/// Note: as of Go 1.22, this function simply calls [slices.IsSorted].
pub fn IntsAreSorted(x: Slice<int>) -> bool

/// IsSorted reports whether data is sorted.
/// 
/// Note: in many situations, the newer [slices.IsSortedFunc] function is more
/// ergonomic and runs faster.
pub fn IsSorted(data: Interface) -> bool

/// Reverse returns the reverse order for data.
pub fn Reverse(data: Interface) -> Interface

/// Search uses binary search to find and return the smallest index i
/// in [0, n) at which f(i) is true, assuming that on the range [0, n),
/// f(i) == true implies f(i+1) == true. That is, Search requires that
/// f is false for some (possibly empty) prefix of the input range [0, n)
/// and then true for the (possibly empty) remainder; Search returns
/// the first true index. If there is no such index, Search returns n.
/// (Note that the "not found" return value is not -1 as in, for instance,
/// strings.Index.)
/// Search calls f(i) only for i in the range [0, n).
/// 
/// A common use of Search is to find the index i for a value x in
/// a sorted, indexable data structure such as an array or slice.
/// In this case, the argument f, typically a closure, captures the value
/// to be searched for, and how the data structure is indexed and
/// ordered.
/// 
/// For instance, given a slice data sorted in ascending order,
/// the call Search(len(data), func(i int) bool { return data[i] >= 23 })
/// returns the smallest index i such that data[i] >= 23. If the caller
/// wants to find whether 23 is in the slice, it must test data[i] == 23
/// separately.
/// 
/// Searching data sorted in descending order would use the <=
/// operator instead of the >= operator.
/// 
/// To complete the example above, the following code tries to find the value
/// x in an integer slice data sorted in ascending order:
/// 
/// 	x := 23
/// 	i := sort.Search(len(data), func(i int) bool { return data[i] >= x })
/// 	if i < len(data) && data[i] == x {
/// 		// x is present at data[i]
/// 	} else {
/// 		// x is not present in data,
/// 		// but i is the index where it would be inserted.
/// 	}
/// 
/// As a more whimsical example, this program guesses your number:
/// 
/// 	func GuessingGame() {
/// 		var s string
/// 		fmt.Printf("Pick an integer from 0 to 100.\n")
/// 		answer := sort.Search(100, func(i int) bool {
/// 			fmt.Printf("Is your number <= %d? ", i)
/// 			fmt.Scanf("%s", &s)
/// 			return s != "" && s[0] == 'y'
/// 		})
/// 		fmt.Printf("Your number is %d.\n", answer)
/// 	}
pub fn Search(n: int, f: fn(int) -> bool) -> int

/// SearchFloat64s searches for x in a sorted slice of float64s and returns the index
/// as specified by [Search]. The return value is the index to insert x if x is not
/// present (it could be len(a)).
/// The slice must be sorted in ascending order.
pub fn SearchFloat64s(a: Slice<float64>, x: float64) -> int

/// SearchInts searches for x in a sorted slice of ints and returns the index
/// as specified by [Search]. The return value is the index to insert x if x is
/// not present (it could be len(a)).
/// The slice must be sorted in ascending order.
pub fn SearchInts(a: Slice<int>, x: int) -> int

/// SearchStrings searches for x in a sorted slice of strings and returns the index
/// as specified by Search. The return value is the index to insert x if x is not
/// present (it could be len(a)).
/// The slice must be sorted in ascending order.
pub fn SearchStrings(a: Slice<string>, x: string) -> int

/// Slice sorts the slice x given the provided less function.
/// It panics if x is not a slice.
/// 
/// The sort is not guaranteed to be stable: equal elements
/// may be reversed from their original order.
/// For a stable sort, use [SliceStable].
/// 
/// The less function must satisfy the same requirements as
/// the Interface type's Less method.
/// 
/// Note: in many situations, the newer [slices.SortFunc] function is more
/// ergonomic and runs faster.
pub fn Slice(x: Unknown, less: fn(int, int) -> bool)

/// SliceIsSorted reports whether the slice x is sorted according to the provided less function.
/// It panics if x is not a slice.
/// 
/// Note: in many situations, the newer [slices.IsSortedFunc] function is more
/// ergonomic and runs faster.
pub fn SliceIsSorted(x: Unknown, less: fn(int, int) -> bool) -> bool

/// SliceStable sorts the slice x using the provided less
/// function, keeping equal elements in their original order.
/// It panics if x is not a slice.
/// 
/// The less function must satisfy the same requirements as
/// the Interface type's Less method.
/// 
/// Note: in many situations, the newer [slices.SortStableFunc] function is more
/// ergonomic and runs faster.
pub fn SliceStable(x: Unknown, less: fn(int, int) -> bool)

/// Sort sorts data in ascending order as determined by the Less method.
/// It makes one call to data.Len to determine n and O(n*log(n)) calls to
/// data.Less and data.Swap. The sort is not guaranteed to be stable.
/// 
/// Note: in many situations, the newer [slices.SortFunc] function is more
/// ergonomic and runs faster.
pub fn Sort(data: Interface)

/// Stable sorts data in ascending order as determined by the Less method,
/// while keeping the original order of equal elements.
/// 
/// It makes one call to data.Len to determine n, O(n*log(n)) calls to
/// data.Less and O(n*log(n)*log(n)) calls to data.Swap.
/// 
/// Note: in many situations, the newer slices.SortStableFunc function is more
/// ergonomic and runs faster.
pub fn Stable(data: Interface)

/// Strings sorts a slice of strings in increasing order.
/// 
/// Note: as of Go 1.22, this function simply calls [slices.Sort].
pub fn Strings(mut x: Slice<string>)

/// StringsAreSorted reports whether the slice x is sorted in increasing order.
/// 
/// Note: as of Go 1.22, this function simply calls [slices.IsSorted].
pub fn StringsAreSorted(x: Slice<string>) -> bool

/// Float64Slice implements Interface for a []float64, sorting in increasing order,
/// with not-a-number (NaN) values ordered before other values.
pub struct Float64Slice(Slice<float64>)

/// IntSlice attaches the methods of Interface to []int, sorting in increasing order.
pub struct IntSlice(Slice<int>)

/// An implementation of Interface can be sorted by the routines in this package.
/// The methods refer to elements of the underlying collection by integer index.
pub interface Interface {
  fn Len() -> int
  fn Less(i: int, j: int) -> bool
  fn Swap(i: int, j: int)
}

/// StringSlice attaches the methods of Interface to []string, sorting in increasing order.
pub struct StringSlice(Slice<string>)

impl Float64Slice {
  fn Len(self) -> int

  /// Less reports whether x[i] should be ordered before x[j], as required by the sort Interface.
  /// Note that floating-point comparison by itself is not a transitive relation: it does not
  /// report a consistent ordering for not-a-number (NaN) values.
  /// This implementation of Less places NaN values before any others, by using:
  /// 
  /// 	x[i] < x[j] || (math.IsNaN(x[i]) && !math.IsNaN(x[j]))
  fn Less(self, i: int, j: int) -> bool

  /// Search returns the result of applying [SearchFloat64s] to the receiver and x.
  fn Search(self, x: float64) -> int

  /// Sort is a convenience method: x.Sort() calls Sort(x).
  fn Sort(self)

  fn Swap(self, i: int, j: int)
}

impl IntSlice {
  fn Len(self) -> int

  fn Less(self, i: int, j: int) -> bool

  /// Search returns the result of applying [SearchInts] to the receiver and x.
  fn Search(self, x: int) -> int

  /// Sort is a convenience method: x.Sort() calls Sort(x).
  fn Sort(self)

  fn Swap(self, i: int, j: int)
}

impl StringSlice {
  fn Len(self) -> int

  fn Less(self, i: int, j: int) -> bool

  /// Search returns the result of applying [SearchStrings] to the receiver and x.
  fn Search(self, x: string) -> int

  /// Sort is a convenience method: x.Sort() calls Sort(x).
  fn Sort(self)

  fn Swap(self, i: int, j: int)
}
