// Generated by Lisette bindgen
// Source: text/tabwriter (Go stdlib)
// Go: 1.25.5
// Lisette: 0.1.20

import "go:io"

pub fn NewWriter(
  output: io.Writer,
  minwidth: int,
  tabwidth: int,
  padding: int,
  padchar: uint8,
  flags: uint,
) -> Ref<Writer>

/// A Writer is a filter that inserts padding around tab-delimited
/// columns in its input to align them in the output.
/// 
/// The Writer treats incoming bytes as UTF-8-encoded text consisting
/// of cells terminated by horizontal ('\t') or vertical ('\v') tabs,
/// and newline ('\n') or formfeed ('\f') characters; both newline and
/// formfeed act as line breaks.
/// 
/// Tab-terminated cells in contiguous lines constitute a column. The
/// Writer inserts padding as needed to make all cells in a column have
/// the same width, effectively aligning the columns. It assumes that
/// all characters have the same width, except for tabs for which a
/// tabwidth must be specified. Column cells must be tab-terminated, not
/// tab-separated: non-tab terminated trailing text at the end of a line
/// forms a cell but that cell is not part of an aligned column.
/// For instance, in this example (where | stands for a horizontal tab):
/// 
/// 	aaaa|bbb|d
/// 	aa  |b  |dd
/// 	a   |
/// 	aa  |cccc|eee
/// 
/// the b and c are in distinct columns (the b column is not contiguous
/// all the way). The d and e are not in a column at all (there's no
/// terminating tab, nor would the column be contiguous).
/// 
/// The Writer assumes that all Unicode code points have the same width;
/// this may not be true in some fonts or if the string contains combining
/// characters.
/// 
/// If [DiscardEmptyColumns] is set, empty columns that are terminated
/// entirely by vertical (or "soft") tabs are discarded. Columns
/// terminated by horizontal (or "hard") tabs are not affected by
/// this flag.
/// 
/// If a Writer is configured to filter HTML, HTML tags and entities
/// are passed through. The widths of tags and entities are
/// assumed to be zero (tags) and one (entities) for formatting purposes.
/// 
/// A segment of text may be escaped by bracketing it with [Escape]
/// characters. The tabwriter passes escaped text segments through
/// unchanged. In particular, it does not interpret any tabs or line
/// breaks within the segment. If the [StripEscape] flag is set, the
/// Escape characters are stripped from the output; otherwise they
/// are passed through as well. For the purpose of formatting, the
/// width of the escaped text is always computed excluding the Escape
/// characters.
/// 
/// The formfeed character acts like a newline but it also terminates
/// all columns in the current line (effectively calling [Writer.Flush]). Tab-
/// terminated cells in the next line start new columns. Unless found
/// inside an HTML tag or inside an escaped text segment, formfeed
/// characters appear as newlines in the output.
/// 
/// The Writer must buffer input internally, because proper spacing
/// of one line may depend on the cells in future lines. Clients must
/// call Flush when done calling [Writer.Write].
pub type Writer

/// Formatting can be controlled with these flags.
pub const AlignRight = 4

/// Formatting can be controlled with these flags.
pub const Debug = 32

/// Formatting can be controlled with these flags.
pub const DiscardEmptyColumns = 8

/// To escape a text segment, bracket it with Escape characters.
/// For instance, the tab in this string "Ignore this tab: \xff\t\xff"
/// does not terminate a cell and constitutes a single character of
/// width one for formatting purposes.
/// 
/// The value 0xff was chosen because it cannot appear in a valid UTF-8 sequence.
pub const Escape = 255

/// Formatting can be controlled with these flags.
pub const FilterHTML = 1

/// Formatting can be controlled with these flags.
pub const StripEscape = 2

/// Formatting can be controlled with these flags.
pub const TabIndent = 16

impl Writer {
  /// Flush should be called after the last call to [Writer.Write] to ensure
  /// that any data buffered in the [Writer] is written to output. Any
  /// incomplete escape sequence at the end is considered
  /// complete for formatting purposes.
  #[allow(unused_result)]
  fn Flush(self: Ref<Writer>) -> Result<(), error>

  /// A [Writer] must be initialized with a call to Init. The first parameter (output)
  /// specifies the filter output. The remaining parameters control the formatting:
  /// 
  /// 	minwidth	minimal cell width including any padding
  /// 	tabwidth	width of tab characters (equivalent number of spaces)
  /// 	padding		padding added to a cell before computing its width
  /// 	padchar		ASCII char used for padding
  /// 			if padchar == '\t', the Writer will assume that the
  /// 			width of a '\t' in the formatted output is tabwidth,
  /// 			and cells are left-aligned independent of align_left
  /// 			(for correct-looking results, tabwidth must correspond
  /// 			to the tab width in the viewer displaying the result)
  /// 	flags		formatting control
  #[allow(unused_value)]
  fn Init(
    self: Ref<Writer>,
    output: io.Writer,
    minwidth: int,
    tabwidth: int,
    padding: int,
    padchar: uint8,
    flags: uint,
  ) -> Ref<Writer>

  /// Write writes buf to the writer b.
  /// The only errors returned are ones encountered
  /// while writing to the underlying output stream.
  fn Write(self: Ref<Writer>, buf: Slice<uint8>) -> Partial<int, error>
}
