// Generated by Lisette bindgen
// Source: os/signal (Go stdlib)
// Go: 1.25.5
// Lisette: 0.1.24

import "go:context"
import "go:os"

/// Ignore causes the provided signals to be ignored. If they are received by
/// the program, nothing will happen. Ignore undoes the effect of any prior
/// calls to [Notify] for the provided signals.
/// If no signals are provided, all incoming signals will be ignored.
pub fn Ignore(sig: VarArgs<os.Signal>)

/// Ignored reports whether sig is currently ignored.
pub fn Ignored(sig: os.Signal) -> bool

/// Notify causes package signal to relay incoming signals to c.
/// If no signals are provided, all incoming signals will be relayed to c.
/// Otherwise, just the provided signals will.
/// 
/// Package signal will not block sending to c: the caller must ensure
/// that c has sufficient buffer space to keep up with the expected
/// signal rate. For a channel used for notification of just one signal value,
/// a buffer of size 1 is sufficient.
/// 
/// It is allowed to call Notify multiple times with the same channel:
/// each call expands the set of signals sent to that channel.
/// The only way to remove signals from the set is to call [Stop].
/// 
/// It is allowed to call Notify multiple times with different channels
/// and the same signals: each channel receives copies of incoming
/// signals independently.
pub fn Notify(c: Sender<os.Signal>, sig: VarArgs<os.Signal>)

/// NotifyContext returns a copy of the parent context that is marked done
/// (its Done channel is closed) when one of the listed signals arrives,
/// when the returned stop function is called, or when the parent context's
/// Done channel is closed, whichever happens first.
/// 
/// The stop function unregisters the signal behavior, which, like [signal.Reset],
/// may restore the default behavior for a given signal. For example, the default
/// behavior of a Go program receiving [os.Interrupt] is to exit. Calling
/// NotifyContext(parent, os.Interrupt) will change the behavior to cancel
/// the returned context. Future interrupts received will not trigger the default
/// (exit) behavior until the returned stop function is called.
/// 
/// The stop function releases resources associated with it, so code should
/// call stop as soon as the operations running in this Context complete and
/// signals no longer need to be diverted to the context.
pub fn NotifyContext(parent: context.Context, signals: VarArgs<os.Signal>) -> (context.Context, context.CancelFunc)

/// Reset undoes the effect of any prior calls to [Notify] for the provided
/// signals.
/// If no signals are provided, all signal handlers will be reset.
pub fn Reset(sig: VarArgs<os.Signal>)

/// Stop causes package signal to stop relaying incoming signals to c.
/// It undoes the effect of all prior calls to [Notify] using c.
/// When Stop returns, it is guaranteed that c will receive no more signals.
pub fn Stop(c: Sender<os.Signal>)
